#
# There is insufficient memory for the Java Runtime Environment to continue.
# Native memory allocation (malloc) failed to allocate 1651616 bytes for Chunk::new
# Possible reasons:
#   The system is out of physical RAM or swap space
#   In 32 bit mode, the process size limit was hit
# Possible solutions:
#   Reduce memory load on the system
#   Increase physical memory or swap space
#   Check if swap backing store is full
#   Use 64 bit Java on a 64 bit OS
#   Decrease Java heap size (-Xmx/-Xms)
#   Decrease number of Java threads
#   Decrease Java thread stack sizes (-Xss)
#   Set larger code cache with -XX:ReservedCodeCacheSize=
# This output file may be truncated or incomplete.
#
#  Out of Memory Error (allocation.cpp:390), pid=872, tid=11516
#
# JRE version: Java(TM) SE Runtime Environment (8.0_73-b02) (build 1.8.0_73-b02)
# Java VM: Java HotSpot(TM) 64-Bit Server VM (25.73-b02 mixed mode windows-amd64 compressed oops)
# Failed to write core dump. Minidumps are not enabled by default on client versions of Windows
#

---------------  T H R E A D  ---------------

Current thread (0x000000001713c000):  JavaThread "C2 CompilerThread2" daemon [_thread_in_native, id=11516, stack(0x00000000178b0000,0x00000000179b0000)]

Stack: [0x00000000178b0000,0x00000000179b0000]
[error occurred during error reporting (printing stack bounds), id 0xc0000005]

Native frames: (J=compiled Java code, j=interpreted, Vv=VM code, C=native code)


Current CompileTask:
C2:    693 1312   !   4       com.android.dx.cf.code.BytecodeArray::parseInstruction (2764 bytes)


---------------  P R O C E S S  ---------------

Java Threads: ( => current thread )
  0x0000000017cda000 JavaThread "pool-2-thread-4" [_thread_in_Java, id=11804, stack(0x00000000188b0000,0x00000000189b0000)]
  0x0000000017cd9000 JavaThread "pool-2-thread-3" [_thread_in_Java, id=10248, stack(0x00000000187b0000,0x00000000188b0000)]
  0x0000000017cd6800 JavaThread "pool-2-thread-2" [_thread_blocked, id=10216, stack(0x00000000186b0000,0x00000000187b0000)]
  0x0000000017cf3800 JavaThread "pool-3-thread-1" [_thread_blocked, id=4548, stack(0x00000000185b0000,0x00000000186b0000)]
  0x0000000017cf2800 JavaThread "pool-2-thread-1" [_thread_blocked, id=12000, stack(0x00000000184b0000,0x00000000185b0000)]
  0x00000000171ae000 JavaThread "Service Thread" daemon [_thread_blocked, id=13228, stack(0x0000000017ab0000,0x0000000017bb0000)]
  0x0000000017140800 JavaThread "C1 CompilerThread3" daemon [_thread_in_native, id=11680, stack(0x00000000179b0000,0x0000000017ab0000)]
=>0x000000001713c000 JavaThread "C2 CompilerThread2" daemon [_thread_in_native, id=11516, stack(0x00000000178b0000,0x00000000179b0000)]
  0x0000000017138800 JavaThread "C2 CompilerThread1" daemon [_thread_in_native, id=5744, stack(0x00000000177b0000,0x00000000178b0000)]
  0x0000000017135800 JavaThread "C2 CompilerThread0" daemon [_thread_in_vm, id=4188, stack(0x00000000176b0000,0x00000000177b0000)]
  0x0000000017132000 JavaThread "Attach Listener" daemon [_thread_blocked, id=9200, stack(0x00000000175b0000,0x00000000176b0000)]
  0x00000000170e8800 JavaThread "Signal Dispatcher" daemon [_thread_blocked, id=12280, stack(0x00000000174b0000,0x00000000175b0000)]
  0x0000000002554800 JavaThread "Finalizer" daemon [_thread_blocked, id=6524, stack(0x0000000016f50000,0x0000000017050000)]
  0x000000001507d000 JavaThread "Reference Handler" daemon [_thread_blocked, id=7416, stack(0x0000000016e50000,0x0000000016f50000)]
  0x00000000005dd800 JavaThread "main" [_thread_in_Java, id=8140, stack(0x0000000002360000,0x0000000002460000)]

Other Threads:
  0x0000000015078800 VMThread [stack: 0x0000000016d50000,0x0000000016e50000] [id=11560]
  0x00000000171ff000 WatcherThread [stack: 0x0000000017bb0000,0x0000000017cb0000] [id=1924]

VM state:not at safepoint (normal execution)

VM Mutex/Monitor currently owned by a thread:  ([mutex/lock_event])
[0x00000000024610d0] Compile_lock - owner thread: 0x0000000000000000

Heap:
 PSYoungGen      total 38400K, used 34238K [0x00000000eab00000, 0x00000000ef600000, 0x0000000100000000)
  eden space 33280K, 87% used [0x00000000eab00000,0x00000000ec771638,0x00000000ecb80000)
  from space 5120K, 99% used [0x00000000ecb80000,0x00000000ed07e378,0x00000000ed080000)
  to   space 5120K, 0% used [0x00000000ef100000,0x00000000ef100000,0x00000000ef600000)
 ParOldGen       total 87552K, used 843K [0x00000000c0000000, 0x00000000c5580000, 0x00000000eab00000)
  object space 87552K, 0% used [0x00000000c0000000,0x00000000c00d2c88,0x00000000c5580000)
 Metaspace       used 6193K, capacity 7028K, committed 7296K, reserved 1056768K
  class space    used 604K, capacity 620K, committed 640K, reserved 1048576K

Card table byte_map: [0x0000000011920000,0x0000000011b30000] byte_map_base: 0x0000000011320000

Marking Bits: (ParMarkBitMap*) 0x00000000554d0600
 Begin Bits: [0x0000000012490000, 0x0000000013490000)
 End Bits:   [0x0000000013490000, 0x0000000014490000)

Polling page: 0x0000000000840000

CodeCache: size=245760Kb used=5313Kb max_used=5322Kb free=240446Kb
 bounds [0x0000000002560000, 0x0000000002aa0000, 0x0000000011560000]
 total_blobs=1628 nmethods=1357 adapters=184
 compilation: enabled

Compilation events (10 events):
Event: 0.683 Thread 0x0000000017140800 nmethod 1359 0x0000000002a74a10 code [0x0000000002a74ca0, 0x0000000002a75ed8]
Event: 0.683 Thread 0x0000000017140800 1366       3       com.android.dx.cf.code.BasicBlocker::visitNoArgs (298 bytes)
Event: 0.684 Thread 0x0000000017140800 nmethod 1366 0x0000000002a76710 code [0x0000000002a76980, 0x0000000002a77738]
Event: 0.684 Thread 0x0000000017140800 1372       3       com.android.dx.cf.code.BytecodeArray::processWorkSet (50 bytes)
Event: 0.684 Thread 0x0000000017140800 nmethod 1372 0x0000000002a78310 code [0x0000000002a784c0, 0x0000000002a78a38]
Event: 0.684 Thread 0x0000000017140800 1370       3       com.android.dx.cf.code.Ropper::addSetupBlocks (535 bytes)
Event: 0.691 Thread 0x0000000017140800 nmethod 1370 0x0000000002a78cd0 code [0x0000000002a79780, 0x0000000002a81be8]
Event: 0.691 Thread 0x0000000017140800 1378       3       com.android.dx.ssa.back.LivenessAnalyzer::constructInterferenceGraph (47 bytes)
Event: 0.691 Thread 0x0000000017140800 nmethod 1378 0x0000000002a89bd0 code [0x0000000002a89d80, 0x0000000002a8a1b8]
Event: 0.691 Thread 0x0000000017140800 1377       3       com.android.dx.ssa.back.InterferenceGraph::<init> (42 bytes)

GC Heap History (2 events):
Event: 0.517 GC heap before
{Heap before GC invocations=1 (full 0):
 PSYoungGen      total 38400K, used 33280K [0x00000000eab00000, 0x00000000ed580000, 0x0000000100000000)
  eden space 33280K, 100% used [0x00000000eab00000,0x00000000ecb80000,0x00000000ecb80000)
  from space 5120K, 0% used [0x00000000ed080000,0x00000000ed080000,0x00000000ed580000)
  to   space 5120K, 0% used [0x00000000ecb80000,0x00000000ecb80000,0x00000000ed080000)
 ParOldGen       total 87552K, used 0K [0x00000000c0000000, 0x00000000c5580000, 0x00000000eab00000)
  object space 87552K, 0% used [0x00000000c0000000,0x00000000c0000000,0x00000000c5580000)
 Metaspace       used 5890K, capacity 6772K, committed 7040K, reserved 1056768K
  class space    used 599K, capacity 620K, committed 640K, reserved 1048576K
Event: 0.523 GC heap after
Heap after GC invocations=1 (full 0):
 PSYoungGen      total 38400K, used 5112K [0x00000000eab00000, 0x00000000ef600000, 0x0000000100000000)
  eden space 33280K, 0% used [0x00000000eab00000,0x00000000eab00000,0x00000000ecb80000)
  from space 5120K, 99% used [0x00000000ecb80000,0x00000000ed07e378,0x00000000ed080000)
  to   space 5120K, 0% used [0x00000000ef100000,0x00000000ef100000,0x00000000ef600000)
 ParOldGen       total 87552K, used 843K [0x00000000c0000000, 0x00000000c5580000, 0x00000000eab00000)
  object space 87552K, 0% used [0x00000000c0000000,0x00000000c00d2c88,0x00000000c5580000)
 Metaspace       used 5890K, capacity 6772K, committed 7040K, reserved 1056768K
  class space    used 599K, capacity 620K, committed 640K, reserved 1048576K
}

Deoptimization events (10 events):
Event: 0.381 Thread 0x0000000017cf2800 Uncommon trap: reason=unstable_if action=reinterpret pc=0x00000000027680a4 method=java.util.HashMap.getNode(ILjava/lang/Object;)Ljava/util/HashMap$Node; @ 129
Event: 0.387 Thread 0x0000000017cf2800 Uncommon trap: reason=class_check action=maybe_recompile pc=0x00000000027841f0 method=com.android.dx.ssa.NormalSsaInsn.accept(Lcom/android/dx/ssa/SsaInsn$Visitor;)V @ 9
Event: 0.395 Thread 0x0000000017cd9000 Uncommon trap: reason=class_check action=maybe_recompile pc=0x000000000279dfd4 method=com.android.dx.ssa.NormalSsaInsn.accept(Lcom/android/dx/ssa/SsaInsn$Visitor;)V @ 9
Event: 0.395 Thread 0x0000000017cd9000 Uncommon trap: reason=class_check action=maybe_recompile pc=0x000000000279dfd4 method=com.android.dx.ssa.NormalSsaInsn.accept(Lcom/android/dx/ssa/SsaInsn$Visitor;)V @ 9
Event: 0.395 Thread 0x0000000017cd9000 Uncommon trap: reason=class_check action=maybe_recompile pc=0x000000000279dfd4 method=com.android.dx.ssa.NormalSsaInsn.accept(Lcom/android/dx/ssa/SsaInsn$Visitor;)V @ 9
Event: 0.400 Thread 0x0000000017cf2800 Uncommon trap: reason=class_check action=maybe_recompile pc=0x00000000027841f0 method=com.android.dx.ssa.NormalSsaInsn.accept(Lcom/android/dx/ssa/SsaInsn$Visitor;)V @ 9
Event: 0.462 Thread 0x00000000005dd800 Uncommon trap: reason=unstable_if action=reinterpret pc=0x000000000279661c method=java.util.HashMap.getNode(ILjava/lang/Object;)Ljava/util/HashMap$Node; @ 129
Event: 0.463 Thread 0x0000000017cf2800 Uncommon trap: reason=unstable_if action=reinterpret pc=0x0000000002827998 method=com.android.dx.rop.code.LocalItem.hashCode()I @ 25
Event: 0.558 Thread 0x0000000017cf2800 Uncommon trap: reason=null_check action=make_not_entrant pc=0x00000000028397e8 method=com.android.dx.ssa.SsaRenamer.getLocalForNewReg(I)Lcom/android/dx/rop/code/LocalItem; @ 19
Event: 0.668 Thread 0x0000000017cd9000 Uncommon trap: reason=unstable_if action=reinterpret pc=0x0000000002a4a728 method=com.android.dx.ssa.SCCP.simulateStmt(Lcom/android/dx/ssa/SsaInsn;)V @ 53

Internal exceptions (3 events):
Event: 0.056 Thread 0x00000000005dd800 Exception <a 'java/lang/NoSuchMethodError': Method sun.misc.Unsafe.defineClass(Ljava/lang/String;[BII)Ljava/lang/Class; name or signature does not match> (0x00000000eab130e0) thrown at [D:\re\puppet\workspace\8-2-build-windows-amd64-cygwin\jdk8u73\6086\hot¯éo
Event: 0.056 Thread 0x00000000005dd800 Exception <a 'java/lang/NoSuchMethodError': Method sun.misc.Unsafe.prefetchRead(Ljava/lang/Object;J)V name or signature does not match> (0x00000000eab133c8) thrown at [D:\re\puppet\workspace\8-2-build-windows-amd64-cygwin\jdk8u73\6086\hotspot\src\share\vm\Ò+,%ÞÝá?
Event: 0.558 Thread 0x0000000017cf2800 Implicit null exception at 0x0000000002837f36 to 0x00000000028397c9

Events (10 events):
Event: 0.622 loading class com/android/dx/dex/file/AnnotationSetRefItem done
Event: 0.641 Thread 0x0000000017cd6800 DEOPT PACKING pc=0x0000000002811cf2 sp=0x00000000187ae6f0
Event: 0.641 Thread 0x0000000017cd6800 DEOPT UNPACKING pc=0x00000000025a787f sp=0x00000000187ae4d0 mode 0
Event: 0.668 Thread 0x0000000017cd9000 Uncommon trap: trap_request=0xffffff65 fr.pc=0x0000000002a4a728
Event: 0.668 Thread 0x0000000017cd9000 DEOPT PACKING pc=0x0000000002a4a728 sp=0x00000000188ae600
Event: 0.668 Thread 0x0000000017cd9000 DEOPT UNPACKING pc=0x00000000025a582a sp=0x00000000188ae618 mode 2
Event: 0.673 Thread 0x0000000017cd9000 DEOPT PACKING pc=0x0000000002811cf2 sp=0x00000000188ae560
Event: 0.673 Thread 0x0000000017cd9000 DEOPT UNPACKING pc=0x00000000025a787f sp=0x00000000188ae340 mode 0
Event: 0.682 loading class com/android/dx/cf/code/SwitchList
Event: 0.682 loading class com/android/dx/cf/code/SwitchList done


Dynamic libraries:
0x00007ff76afc0000 - 0x00007ff76aff7000 	C:\Program Files\Java\jdk1.8.0_73\bin\java.exe
0x00007ffbdc290000 - 0x00007ffbdc451000 	C:\WINDOWS\SYSTEM32\ntdll.dll
0x00007ffbdbd80000 - 0x00007ffbdbe2d000 	C:\WINDOWS\system32\KERNEL32.DLL
0x00007ffbd8b60000 - 0x00007ffbd8d48000 	C:\WINDOWS\system32\KERNELBASE.dll
0x00007ffbdb380000 - 0x00007ffbdb427000 	C:\WINDOWS\system32\ADVAPI32.dll
0x00007ffbdbc70000 - 0x00007ffbdbd0d000 	C:\WINDOWS\system32\msvcrt.dll
0x00007ffbd9670000 - 0x00007ffbd96cb000 	C:\WINDOWS\system32\sechost.dll
0x00007ffbdb1c0000 - 0x00007ffbdb2dc000 	C:\WINDOWS\system32\RPCRT4.dll
0x00007ffbdbb00000 - 0x00007ffbdbc56000 	C:\WINDOWS\system32\USER32.dll
0x00007ffbdb430000 - 0x00007ffbdb5b6000 	C:\WINDOWS\system32\GDI32.dll
0x00007ffbca880000 - 0x00007ffbcaaf4000 	C:\WINDOWS\WinSxS\amd64_microsoft.windows.common-controls_6595b64144ccf1df_6.0.10586.0_none_8c15ae12515e1c22\COMCTL32.dll
0x00007ffbd9880000 - 0x00007ffbd9afd000 	C:\WINDOWS\system32\combase.dll
0x00007ffbd8de0000 - 0x00007ffbd8e4a000 	C:\WINDOWS\system32\bcryptPrimitives.dll
0x00007ffbdb2e0000 - 0x00007ffbdb31b000 	C:\WINDOWS\system32\IMM32.DLL
0x0000000054760000 - 0x0000000054832000 	C:\Program Files\Java\jdk1.8.0_73\jre\bin\msvcr100.dll
0x0000000054cc0000 - 0x0000000055550000 	C:\Program Files\Java\jdk1.8.0_73\jre\bin\server\jvm.dll
0x00007ffbd96d0000 - 0x00007ffbd96d8000 	C:\WINDOWS\system32\PSAPI.DLL
0x00007ffbcda20000 - 0x00007ffbcda29000 	C:\WINDOWS\SYSTEM32\WSOCK32.dll
0x00007ffbdb130000 - 0x00007ffbdb19b000 	C:\WINDOWS\system32\WS2_32.dll
0x00007ffbd6b10000 - 0x00007ffbd6b33000 	C:\WINDOWS\SYSTEM32\WINMM.dll
0x00007ffbcc930000 - 0x00007ffbcc93a000 	C:\WINDOWS\SYSTEM32\VERSION.dll
0x00007ffbd6aa0000 - 0x00007ffbd6acc000 	C:\WINDOWS\SYSTEM32\WINMMBASE.dll
0x00007ffbd8af0000 - 0x00007ffbd8b33000 	C:\WINDOWS\system32\cfgmgr32.dll
0x0000000054bd0000 - 0x0000000054bdf000 	C:\Program Files\Java\jdk1.8.0_73\jre\bin\verify.dll
0x0000000054ba0000 - 0x0000000054bc9000 	C:\Program Files\Java\jdk1.8.0_73\jre\bin\java.dll
0x0000000054b80000 - 0x0000000054b96000 	C:\Program Files\Java\jdk1.8.0_73\jre\bin\zip.dll
0x00007ffbd9bd0000 - 0x00007ffbdb12c000 	C:\WINDOWS\system32\SHELL32.dll
0x00007ffbd8e50000 - 0x00007ffbd9494000 	C:\WINDOWS\system32\windows.storage.dll
0x00007ffbd9800000 - 0x00007ffbd9852000 	C:\WINDOWS\system32\shlwapi.dll
0x00007ffbd8900000 - 0x00007ffbd890f000 	C:\WINDOWS\system32\kernel.appcore.dll
0x00007ffbd8920000 - 0x00007ffbd89d5000 	C:\WINDOWS\system32\shcore.dll
0x00007ffbd88b0000 - 0x00007ffbd88fb000 	C:\WINDOWS\system32\powrprof.dll
0x00007ffbd8890000 - 0x00007ffbd88a4000 	C:\WINDOWS\system32\profapi.dll

VM Arguments:
jvm_args: -Djava.awt.headless=true -Xmx1024M -Dfile.encoding=GBK -Duser.country=CN -Duser.language=zh -Duser.variant 
java_command: com.android.dx.command.Main --dex --force-jumbo --num-threads=4 --multi-dex --output E:\AndroidStudioProject\DBTestDemo\app\build\intermediates\transforms\dex\debug\folders\1000\10\internal_impl-23.4.0_8e5830a0480d224abb3397c7377c988b15b7c38d E:\AndroidStudioProject\DBTestDemo\app\build\intermediates\exploded-aar\com.android.support\support-v4\23.4.0\jars\libs\internal_impl-23.4.0.jar
java_class_path (initial): D:\Android\SDK\build-tools\23.0.3\lib\dx.jar
Launcher Type: SUN_STANDARD

Environment Variables:
JAVA_HOME=C:\Program Files\Java\jdk1.8.0_73
PATH=C:\ProgramData\Oracle\Java\javapath;C:\WINDOWS\system32;C:\WINDOWS;C:\WINDOWS\System32\Wbem;C:\WINDOWS\System32\WindowsPowerShell\v1.0\;C:\Program Files\Java\jdk1.8.0_73\bin;D:\Android\SDK\platform-tools;D:\Android\SDK\tools;C:\Program Files\TortoiseSVN\bin;C:\Program Files\Git\cmd
USERNAME=Administrator
OS=Windows_NT
PROCESSOR_IDENTIFIER=Intel64 Family 6 Model 60 Stepping 3, GenuineIntel



---------------  S Y S T E M  ---------------

OS: Windows 10.0 , 64 bit Build 10586 (10.0.10586.0)

CPU:total 8 (4 cores per cpu, 2 threads per core) family 6 model 60 stepping 3, cmov, cx8, fxsr, mmx, sse, sse2, sse3, ssse3, sse4.1, sse4.2, popcnt, avx, avx2, aes, clmul, erms, lzcnt, ht, tsc, tscinvbit, bmi1, bmi2

Memory: 4k page, physical 8262760k(1459692k free), swap 8262760k(5984k free)

vm_info: Java HotSpot(TM) 64-Bit Server VM (25.73-b02) for windows-amd64 JRE (1.8.0_73-b02), built on Jan 29 2016 17:38:49 by "java_re" with MS VC++ 10.0 (VS2010)

time: Thu May 19 15:16:40 2016
elapsed time: 0 seconds (0d 0h 0m 0s)

