#
# There is insufficient memory for the Java Runtime Environment to continue.
# Native memory allocation (malloc) failed to allocate 32744 bytes for ChunkPool::allocate
# Possible reasons:
#   The system is out of physical RAM or swap space
#   In 32 bit mode, the process size limit was hit
# Possible solutions:
#   Reduce memory load on the system
#   Increase physical memory or swap space
#   Check if swap backing store is full
#   Use 64 bit Java on a 64 bit OS
#   Decrease Java heap size (-Xmx/-Xms)
#   Decrease number of Java threads
#   Decrease Java thread stack sizes (-Xss)
#   Set larger code cache with -XX:ReservedCodeCacheSize=
# This output file may be truncated or incomplete.
#
#  Out of Memory Error (allocation.cpp:273), pid=13288, tid=3400
#
# JRE version: Java(TM) SE Runtime Environment (8.0_73-b02) (build 1.8.0_73-b02)
# Java VM: Java HotSpot(TM) 64-Bit Server VM (25.73-b02 mixed mode windows-amd64 compressed oops)
# Failed to write core dump. Minidumps are not enabled by default on client versions of Windows
#

---------------  T H R E A D  ---------------

Current thread (0x0000000017275000):  JavaThread "C1 CompilerThread3" daemon [_thread_in_native, id=3400, stack(0x0000000017ae0000,0x0000000017be0000)]

Stack: [0x0000000017ae0000,0x0000000017be0000]
[error occurred during error reporting (printing stack bounds), id 0xc0000005]

Native frames: (J=compiled Java code, j=interpreted, Vv=VM code, C=native code)


Current CompileTask:
C1:    210  174   !   3       com.android.dx.cf.cst.ConstantPoolParser::parse0 (731 bytes)


---------------  P R O C E S S  ---------------

Java Threads: ( => current thread )
  0x00000000173ec800 JavaThread "pool-1-thread-2" [_thread_blocked, id=4864, stack(0x0000000017fe0000,0x00000000180e0000)]
  0x00000000173eb800 JavaThread "pool-2-thread-1" [_thread_blocked, id=3176, stack(0x0000000017ee0000,0x0000000017fe0000)]
  0x00000000173e9000 JavaThread "pool-1-thread-1" [_thread_in_native, id=11092, stack(0x0000000017de0000,0x0000000017ee0000)]
  0x000000001730d800 JavaThread "Service Thread" daemon [_thread_blocked, id=4548, stack(0x0000000017be0000,0x0000000017ce0000)]
=>0x0000000017275000 JavaThread "C1 CompilerThread3" daemon [_thread_in_native, id=3400, stack(0x0000000017ae0000,0x0000000017be0000)]
  0x000000001726f800 JavaThread "C2 CompilerThread2" daemon [_thread_in_native, id=11916, stack(0x00000000179e0000,0x0000000017ae0000)]
  0x0000000017268800 JavaThread "C2 CompilerThread1" daemon [_thread_blocked, id=13256, stack(0x00000000178e0000,0x00000000179e0000)]
  0x0000000017265800 JavaThread "C2 CompilerThread0" daemon [_thread_blocked, id=10456, stack(0x00000000177e0000,0x00000000178e0000)]
  0x0000000017262000 JavaThread "Attach Listener" daemon [_thread_blocked, id=3580, stack(0x00000000176e0000,0x00000000177e0000)]
  0x0000000017218800 JavaThread "Signal Dispatcher" daemon [_thread_blocked, id=12900, stack(0x00000000175e0000,0x00000000176e0000)]
  0x000000000266a000 JavaThread "Finalizer" daemon [_thread_blocked, id=12660, stack(0x0000000017080000,0x0000000017180000)]
  0x00000000151ad800 JavaThread "Reference Handler" daemon [_thread_blocked, id=12332, stack(0x0000000016f80000,0x0000000017080000)]
  0x000000000090d800 JavaThread "main" [_thread_in_vm, id=12524, stack(0x0000000002470000,0x0000000002570000)]

Other Threads:
  0x00000000151a9000 VMThread [stack: 0x0000000016e80000,0x0000000016f80000] [id=11516]
  0x000000001736c000 WatcherThread [stack: 0x0000000017ce0000,0x0000000017de0000] [id=13088]

VM state:not at safepoint (normal execution)

VM Mutex/Monitor currently owned by a thread: None

Heap:
 PSYoungGen      total 38400K, used 6656K [0x00000000eab00000, 0x00000000ed580000, 0x0000000100000000)
  eden space 33280K, 20% used [0x00000000eab00000,0x00000000eb180148,0x00000000ecb80000)
  from space 5120K, 0% used [0x00000000ed080000,0x00000000ed080000,0x00000000ed580000)
  to   space 5120K, 0% used [0x00000000ecb80000,0x00000000ecb80000,0x00000000ed080000)
 ParOldGen       total 87552K, used 0K [0x00000000c0000000, 0x00000000c5580000, 0x00000000eab00000)
  object space 87552K, 0% used [0x00000000c0000000,0x00000000c0000000,0x00000000c5580000)
 Metaspace       used 3969K, capacity 5168K, committed 5376K, reserved 1058816K
  class space    used 450K, capacity 488K, committed 512K, reserved 1048576K

Card table byte_map: [0x0000000011a30000,0x0000000011c40000] byte_map_base: 0x0000000011430000

Marking Bits: (ParMarkBitMap*) 0x00000000554d0600
 Begin Bits: [0x00000000125a0000, 0x00000000135a0000)
 End Bits:   [0x00000000135a0000, 0x00000000145a0000)

Polling page: 0x00000000008f0000

CodeCache: size=245760Kb used=1410Kb max_used=1421Kb free=244349Kb
 bounds [0x0000000002670000, 0x00000000028e0000, 0x0000000011670000]
 total_blobs=430 nmethods=171 adapters=172
 compilation: enabled

Compilation events (10 events):
Event: 0.206 Thread 0x000000001726f800  170       4       com.android.dx.util.ByteArray::checkOffsets (66 bytes)
Event: 0.206 Thread 0x0000000017275000 nmethod 165 0x00000000027cd450 code [0x00000000027cd800, 0x00000000027cfb38]
Event: 0.206 Thread 0x0000000017275000  168       3       com.android.dx.rop.cst.CstString::utf8BytesToString (391 bytes)
Event: 0.206 Thread 0x0000000017265800  171       4       java.util.concurrent.ConcurrentHashMap::setTabAt (19 bytes)
Event: 0.206 Thread 0x0000000017268800  173       4       com.android.dx.util.ByteArray::getUnsignedByte (14 bytes)
Event: 0.207 Thread 0x000000001726f800 nmethod 170 0x00000000027cb650 code [0x00000000027cb780, 0x00000000027cb838]
Event: 0.207 Thread 0x0000000017265800 nmethod 171 0x00000000027cb450 code [0x00000000027cb580, 0x00000000027cb5f8]
Event: 0.207 Thread 0x0000000017275000 nmethod 168 0x00000000027d2490 code [0x00000000027d2740, 0x00000000027d38b8]
Event: 0.207 Thread 0x0000000017275000  174   !   3       com.android.dx.cf.cst.ConstantPoolParser::parse0 (731 bytes)
Event: 0.207 Thread 0x0000000017268800 nmethod 173 0x00000000027cb090 code [0x00000000027cb1e0, 0x00000000027cb2f8]

GC Heap History (0 events):
No events

Deoptimization events (0 events):
No events

Internal exceptions (2 events):
Event: 0.035 Thread 0x000000000090d800 Exception <a 'java/lang/NoSuchMethodError': Method sun.misc.Unsafe.defineClass(Ljava/lang/String;[BII)Ljava/lang/Class; name or signature does not match> (0x00000000eab12fa8) thrown at [D:\re\puppet\workspace\8-2-build-windows-amd64-cygwin\jdk8u73\6086\hotµ?®aÿº¡?
Event: 0.035 Thread 0x000000000090d800 Exception <a 'java/lang/NoSuchMethodError': Method sun.misc.Unsafe.prefetchRead(Ljava/lang/Object;J)V name or signature does not match> (0x00000000eab13290) thrown at [D:\re\puppet\workspace\8-2-build-windows-amd64-cygwin\jdk8u73\6086\hotspot\src\share\vm\

Events (10 events):
Event: 0.209 loading class com/android/dx/cf/direct/AnnotationParser
Event: 0.209 loading class com/android/dx/cf/direct/AnnotationParser done
Event: 0.209 loading class com/android/dx/dex/file/ClassDefItem
Event: 0.209 loading class com/android/dx/dex/file/ClassDefItem done
Event: 0.209 loading class com/android/dx/rop/cst/CstEnumRef
Event: 0.209 loading class com/android/dx/rop/cst/CstEnumRef done
Event: 0.209 loading class com/android/dx/dex/file/OffsettedItem
Event: 0.209 loading class com/android/dx/dex/file/OffsettedItem done
Event: 0.209 loading class com/android/dx/rop/cst/CstAnnotation
Event: 0.209 loading class com/android/dx/rop/cst/CstAnnotation done


Dynamic libraries:
0x00007ff76afc0000 - 0x00007ff76aff7000 	C:\Program Files\Java\jdk1.8.0_73\bin\java.exe
0x00007ffbdc290000 - 0x00007ffbdc451000 	C:\WINDOWS\SYSTEM32\ntdll.dll
0x00007ffbdbd80000 - 0x00007ffbdbe2d000 	C:\WINDOWS\system32\KERNEL32.DLL
0x00007ffbd8b60000 - 0x00007ffbd8d48000 	C:\WINDOWS\system32\KERNELBASE.dll
0x00007ffbdb380000 - 0x00007ffbdb427000 	C:\WINDOWS\system32\ADVAPI32.dll
0x00007ffbdbc70000 - 0x00007ffbdbd0d000 	C:\WINDOWS\system32\msvcrt.dll
0x00007ffbd9670000 - 0x00007ffbd96cb000 	C:\WINDOWS\system32\sechost.dll
0x00007ffbdb1c0000 - 0x00007ffbdb2dc000 	C:\WINDOWS\system32\RPCRT4.dll
0x00007ffbdbb00000 - 0x00007ffbdbc56000 	C:\WINDOWS\system32\USER32.dll
0x00007ffbdb430000 - 0x00007ffbdb5b6000 	C:\WINDOWS\system32\GDI32.dll
0x00007ffbca880000 - 0x00007ffbcaaf4000 	C:\WINDOWS\WinSxS\amd64_microsoft.windows.common-controls_6595b64144ccf1df_6.0.10586.0_none_8c15ae12515e1c22\COMCTL32.dll
0x00007ffbd9880000 - 0x00007ffbd9afd000 	C:\WINDOWS\system32\combase.dll
0x00007ffbd8de0000 - 0x00007ffbd8e4a000 	C:\WINDOWS\system32\bcryptPrimitives.dll
0x00007ffbdb2e0000 - 0x00007ffbdb31b000 	C:\WINDOWS\system32\IMM32.DLL
0x0000000054760000 - 0x0000000054832000 	C:\Program Files\Java\jdk1.8.0_73\jre\bin\msvcr100.dll
0x0000000054cc0000 - 0x0000000055550000 	C:\Program Files\Java\jdk1.8.0_73\jre\bin\server\jvm.dll
0x00007ffbd96d0000 - 0x00007ffbd96d8000 	C:\WINDOWS\system32\PSAPI.DLL
0x00007ffbd6b10000 - 0x00007ffbd6b33000 	C:\WINDOWS\SYSTEM32\WINMM.dll
0x00007ffbcda20000 - 0x00007ffbcda29000 	C:\WINDOWS\SYSTEM32\WSOCK32.dll
0x00007ffbcc930000 - 0x00007ffbcc93a000 	C:\WINDOWS\SYSTEM32\VERSION.dll
0x00007ffbdb130000 - 0x00007ffbdb19b000 	C:\WINDOWS\system32\WS2_32.dll
0x00000000009a0000 - 0x00000000009cc000 	C:\WINDOWS\SYSTEM32\WINMMBASE.dll
0x00007ffbd8af0000 - 0x00007ffbd8b33000 	C:\WINDOWS\system32\cfgmgr32.dll
0x0000000054bd0000 - 0x0000000054bdf000 	C:\Program Files\Java\jdk1.8.0_73\jre\bin\verify.dll
0x0000000054ba0000 - 0x0000000054bc9000 	C:\Program Files\Java\jdk1.8.0_73\jre\bin\java.dll
0x0000000054b80000 - 0x0000000054b96000 	C:\Program Files\Java\jdk1.8.0_73\jre\bin\zip.dll
0x00007ffbd9bd0000 - 0x00007ffbdb12c000 	C:\WINDOWS\system32\SHELL32.dll
0x00007ffbd8e50000 - 0x00007ffbd9494000 	C:\WINDOWS\system32\windows.storage.dll
0x00007ffbd9800000 - 0x00007ffbd9852000 	C:\WINDOWS\system32\shlwapi.dll
0x00007ffbd8900000 - 0x00007ffbd890f000 	C:\WINDOWS\system32\kernel.appcore.dll
0x00007ffbd8920000 - 0x00007ffbd89d5000 	C:\WINDOWS\system32\shcore.dll
0x00007ffbd88b0000 - 0x00007ffbd88fb000 	C:\WINDOWS\system32\powrprof.dll
0x00007ffbd8890000 - 0x00007ffbd88a4000 	C:\WINDOWS\system32\profapi.dll

VM Arguments:
jvm_args: -Djava.awt.headless=true -Xmx1024M -Dfile.encoding=GBK -Duser.country=CN -Duser.language=zh -Duser.variant 
java_command: com.android.dx.command.Main --dex --force-jumbo --num-threads=4 --output E:\AndroidStudioProject\DBTestDemo\app\build\intermediates\pre-dexed\debug\com.android.support-support-vector-drawable-23.4.0_5754e5fe43701494ac001cee780cb288357f19f5.jar E:\AndroidStudioProject\DBTestDemo\app\build\intermediates\exploded-aar\com.android.support\support-vector-drawable\23.4.0\jars\classes.jar
java_class_path (initial): D:\Android\SDK\build-tools\23.0.1\lib\dx.jar
Launcher Type: SUN_STANDARD

Environment Variables:
JAVA_HOME=C:\Program Files\Java\jdk1.8.0_73
PATH=C:\ProgramData\Oracle\Java\javapath;C:\WINDOWS\system32;C:\WINDOWS;C:\WINDOWS\System32\Wbem;C:\WINDOWS\System32\WindowsPowerShell\v1.0\;C:\Program Files\Java\jdk1.8.0_73\bin;D:\Android\SDK\platform-tools;D:\Android\SDK\tools;C:\Program Files\TortoiseSVN\bin;C:\Program Files\Git\cmd
USERNAME=Administrator
OS=Windows_NT
PROCESSOR_IDENTIFIER=Intel64 Family 6 Model 60 Stepping 3, GenuineIntel



---------------  S Y S T E M  ---------------

OS: Windows 10.0 , 64 bit Build 10586 (10.0.10586.0)

CPU:total 8 (4 cores per cpu, 2 threads per core) family 6 model 60 stepping 3, cmov, cx8, fxsr, mmx, sse, sse2, sse3, ssse3, sse4.1, sse4.2, popcnt, avx, avx2, aes, clmul, erms, lzcnt, ht, tsc, tscinvbit, bmi1, bmi2

Memory: 4k page, physical 8262760k(1507808k free), swap 8262760k(5120k free)

vm_info: Java HotSpot(TM) 64-Bit Server VM (25.73-b02) for windows-amd64 JRE (1.8.0_73-b02), built on Jan 29 2016 17:38:49 by "java_re" with MS VC++ 10.0 (VS2010)

time: Thu May 19 15:13:29 2016
elapsed time: 0 seconds (0d 0h 0m 0s)

