#
# There is insufficient memory for the Java Runtime Environment to continue.
# Native memory allocation (malloc) failed to allocate 1498096 bytes for Chunk::new
# Possible reasons:
#   The system is out of physical RAM or swap space
#   In 32 bit mode, the process size limit was hit
# Possible solutions:
#   Reduce memory load on the system
#   Increase physical memory or swap space
#   Check if swap backing store is full
#   Use 64 bit Java on a 64 bit OS
#   Decrease Java heap size (-Xmx/-Xms)
#   Decrease number of Java threads
#   Decrease Java thread stack sizes (-Xss)
#   Set larger code cache with -XX:ReservedCodeCacheSize=
# This output file may be truncated or incomplete.
#
#  Out of Memory Error (allocation.cpp:390), pid=12844, tid=13128
#
# JRE version: Java(TM) SE Runtime Environment (8.0_73-b02) (build 1.8.0_73-b02)
# Java VM: Java HotSpot(TM) 64-Bit Server VM (25.73-b02 mixed mode windows-amd64 compressed oops)
# Failed to write core dump. Minidumps are not enabled by default on client versions of Windows
#

---------------  T H R E A D  ---------------

Current thread (0x00000000172bb000):  JavaThread "C2 CompilerThread1" daemon [_thread_in_native, id=13128, stack(0x0000000017930000,0x0000000017a30000)]

Stack: [0x0000000017930000,0x0000000017a30000]
[error occurred during error reporting (printing stack bounds), id 0xc0000005]

Native frames: (J=compiled Java code, j=interpreted, Vv=VM code, C=native code)


Current CompileTask:
C2:    914 1160   !   4       com.android.dx.cf.cst.ConstantPoolParser::parse0 (731 bytes)


---------------  P R O C E S S  ---------------

Java Threads: ( => current thread )
  0x0000000017601000 JavaThread "pool-1-thread-4" [_thread_blocked, id=13040, stack(0x0000000018a30000,0x0000000018b30000)]
  0x0000000017600800 JavaThread "pool-1-thread-3" [_thread_blocked, id=7560, stack(0x0000000018930000,0x0000000018a30000)]
  0x00000000175fd800 JavaThread "pool-1-thread-2" [_thread_blocked, id=7740, stack(0x0000000018830000,0x0000000018930000)]
  0x00000000175f3800 JavaThread "pool-2-thread-1" [_thread_blocked, id=8720, stack(0x0000000018730000,0x0000000018830000)]
  0x00000000175ef800 JavaThread "pool-1-thread-1" [_thread_blocked, id=11568, stack(0x0000000018630000,0x0000000018730000)]
  0x0000000017343800 JavaThread "Service Thread" daemon [_thread_blocked, id=3796, stack(0x0000000017c30000,0x0000000017d30000)]
  0x0000000017317800 JavaThread "C1 CompilerThread3" daemon [_thread_blocked, id=11716, stack(0x0000000017b30000,0x0000000017c30000)]
  0x0000000017314800 JavaThread "C2 CompilerThread2" daemon [_thread_blocked, id=13168, stack(0x0000000017a30000,0x0000000017b30000)]
=>0x00000000172bb000 JavaThread "C2 CompilerThread1" daemon [_thread_in_native, id=13128, stack(0x0000000017930000,0x0000000017a30000)]
  0x00000000172b4000 JavaThread "C2 CompilerThread0" daemon [_thread_in_native, id=13016, stack(0x0000000017830000,0x0000000017930000)]
  0x0000000017267800 JavaThread "Attach Listener" daemon [_thread_blocked, id=12732, stack(0x0000000017730000,0x0000000017830000)]
  0x0000000017266800 JavaThread "Signal Dispatcher" daemon [_thread_blocked, id=3284, stack(0x0000000017630000,0x0000000017730000)]
  0x0000000002629800 JavaThread "Finalizer" daemon [_thread_blocked, id=7424, stack(0x0000000017030000,0x0000000017130000)]
  0x0000000002623000 JavaThread "Reference Handler" daemon [_thread_blocked, id=12760, stack(0x0000000016f30000,0x0000000017030000)]
  0x000000000200d800 JavaThread "main" [_thread_blocked, id=12348, stack(0x0000000002430000,0x0000000002530000)]

Other Threads:
  0x0000000015149000 VMThread [stack: 0x0000000016e30000,0x0000000016f30000] [id=12812]
  0x00000000173a0800 WatcherThread [stack: 0x0000000017d30000,0x0000000017e30000] [id=636]

VM state:not at safepoint (normal execution)

VM Mutex/Monitor currently owned by a thread: None

Heap:
 PSYoungGen      total 38400K, used 33228K [0x00000000eab00000, 0x00000000ef600000, 0x0000000100000000)
  eden space 33280K, 84% used [0x00000000eab00000,0x00000000ec677d50,0x00000000ecb80000)
  from space 5120K, 99% used [0x00000000ecb80000,0x00000000ed07b2b8,0x00000000ed080000)
  to   space 5120K, 0% used [0x00000000ef100000,0x00000000ef100000,0x00000000ef600000)
 ParOldGen       total 87552K, used 1336K [0x00000000c0000000, 0x00000000c5580000, 0x00000000eab00000)
  object space 87552K, 1% used [0x00000000c0000000,0x00000000c014e248,0x00000000c5580000)
 Metaspace       used 6199K, capacity 7092K, committed 7296K, reserved 1056768K
  class space    used 606K, capacity 620K, committed 640K, reserved 1048576K

Card table byte_map: [0x00000000119f0000,0x0000000011c00000] byte_map_base: 0x00000000113f0000

Marking Bits: (ParMarkBitMap*) 0x00000000554d0600
 Begin Bits: [0x0000000012560000, 0x0000000013560000)
 End Bits:   [0x0000000013560000, 0x0000000014560000)

Polling page: 0x0000000001fa0000

CodeCache: size=245760Kb used=5564Kb max_used=5564Kb free=240195Kb
 bounds [0x0000000002630000, 0x0000000002bb0000, 0x0000000011630000]
 total_blobs=1664 nmethods=1393 adapters=184
 compilation: enabled

Compilation events (10 events):
Event: 0.905 Thread 0x0000000017317800 1396       3       com.android.dx.cf.code.ValueAwareMachine::<init> (6 bytes)
Event: 0.905 Thread 0x0000000017317800 nmethod 1396 0x0000000002b90010 code [0x0000000002b90180, 0x0000000002b90308]
Event: 0.907 Thread 0x0000000017317800 1397       3       com.android.dx.cf.code.LocalVariableList::get (9 bytes)
Event: 0.907 Thread 0x0000000017317800 nmethod 1397 0x0000000002b95e50 code [0x0000000002b95fc0, 0x0000000002b962a8]
Event: 0.907 Thread 0x0000000017317800 1398       3       com.android.dx.cf.code.LocalVariableList::itemToLocal (47 bytes)
Event: 0.907 Thread 0x0000000017317800 nmethod 1398 0x0000000002b9b8d0 code [0x0000000002b9ba80, 0x0000000002b9bff8]
Event: 0.907 Thread 0x0000000017317800 1399       3       com.android.dx.cf.code.LocalVariableList::set (21 bytes)
Event: 0.908 Thread 0x0000000017317800 nmethod 1399 0x0000000002b9a7d0 code [0x0000000002b9a9c0, 0x0000000002b9b2b8]
Event: 0.908 Thread 0x0000000017317800 1400       3       com.android.dx.dex.code.OutputFinisher::hasLocalInfo (20 bytes)
Event: 0.908 Thread 0x0000000017317800 nmethod 1400 0x0000000002b95990 code [0x0000000002b95b00, 0x0000000002b95d90]

GC Heap History (2 events):
Event: 0.490 GC heap before
{Heap before GC invocations=1 (full 0):
 PSYoungGen      total 38400K, used 33280K [0x00000000eab00000, 0x00000000ed580000, 0x0000000100000000)
  eden space 33280K, 100% used [0x00000000eab00000,0x00000000ecb80000,0x00000000ecb80000)
  from space 5120K, 0% used [0x00000000ed080000,0x00000000ed080000,0x00000000ed580000)
  to   space 5120K, 0% used [0x00000000ecb80000,0x00000000ecb80000,0x00000000ed080000)
 ParOldGen       total 87552K, used 0K [0x00000000c0000000, 0x00000000c5580000, 0x00000000eab00000)
  object space 87552K, 0% used [0x00000000c0000000,0x00000000c0000000,0x00000000c5580000)
 Metaspace       used 5878K, capacity 6772K, committed 7040K, reserved 1056768K
  class space    used 600K, capacity 620K, committed 640K, reserved 1048576K
Event: 0.504 GC heap after
Heap after GC invocations=1 (full 0):
 PSYoungGen      total 38400K, used 5100K [0x00000000eab00000, 0x00000000ef600000, 0x0000000100000000)
  eden space 33280K, 0% used [0x00000000eab00000,0x00000000eab00000,0x00000000ecb80000)
  from space 5120K, 99% used [0x00000000ecb80000,0x00000000ed07b2b8,0x00000000ed080000)
  to   space 5120K, 0% used [0x00000000ef100000,0x00000000ef100000,0x00000000ef600000)
 ParOldGen       total 87552K, used 1336K [0x00000000c0000000, 0x00000000c5580000, 0x00000000eab00000)
  object space 87552K, 1% used [0x00000000c0000000,0x00000000c014e248,0x00000000c5580000)
 Metaspace       used 5878K, capacity 6772K, committed 7040K, reserved 1056768K
  class space    used 600K, capacity 620K, committed 640K, reserved 1048576K
}

Deoptimization events (10 events):
Event: 0.178 Thread 0x000000000200d800 Uncommon trap: reason=unstable_if action=reinterpret pc=0x000000000277fc14 method=java.lang.String.compareTo(Ljava/lang/String;)I @ 38
Event: 0.329 Thread 0x00000000175ef800 Uncommon trap: reason=unstable_if action=reinterpret pc=0x000000000283de70 method=java.util.BitSet.nextSetBit(I)I @ 87
Event: 0.331 Thread 0x00000000175fd800 Uncommon trap: reason=unstable_if action=reinterpret pc=0x00000000028536f4 method=java.util.BitSet.ensureCapacity(I)V @ 6
Event: 0.331 Thread 0x00000000175ef800 Uncommon trap: reason=unstable_if action=reinterpret pc=0x00000000028352e4 method=java.util.HashMap.getNode(ILjava/lang/Object;)Ljava/util/HashMap$Node; @ 129
Event: 0.334 Thread 0x00000000175ef800 Uncommon trap: reason=class_check action=maybe_recompile pc=0x0000000002851530 method=com.android.dx.ssa.NormalSsaInsn.accept(Lcom/android/dx/ssa/SsaInsn$Visitor;)V @ 9
Event: 0.340 Thread 0x0000000017600800 Uncommon trap: reason=class_check action=maybe_recompile pc=0x0000000002851530 method=com.android.dx.ssa.NormalSsaInsn.accept(Lcom/android/dx/ssa/SsaInsn$Visitor;)V @ 9
Event: 0.340 Thread 0x0000000017600800 Uncommon trap: reason=class_check action=maybe_recompile pc=0x0000000002851530 method=com.android.dx.ssa.NormalSsaInsn.accept(Lcom/android/dx/ssa/SsaInsn$Visitor;)V @ 9
Event: 0.340 Thread 0x0000000017600800 Uncommon trap: reason=class_check action=maybe_recompile pc=0x0000000002851530 method=com.android.dx.ssa.NormalSsaInsn.accept(Lcom/android/dx/ssa/SsaInsn$Visitor;)V @ 9
Event: 0.541 Thread 0x0000000017601000 Uncommon trap: reason=null_check action=make_not_entrant pc=0x00000000029075c0 method=com.android.dx.ssa.SsaRenamer.getLocalForNewReg(I)Lcom/android/dx/rop/code/LocalItem; @ 19
Event: 0.541 Thread 0x0000000017601000 Uncommon trap: reason=null_check action=make_not_entrant pc=0x00000000029189ac method=com.android.dx.ssa.SsaRenamer.getLocalForNewReg(I)Lcom/android/dx/rop/code/LocalItem; @ 19

Internal exceptions (4 events):
Event: 0.042 Thread 0x000000000200d800 Exception <a 'java/lang/NoSuchMethodError': Method sun.misc.Unsafe.defineClass(Ljava/lang/String;[BII)Ljava/lang/Class; name or signature does not match> (0x00000000eab130e0) thrown at [D:\re\puppet\workspace\8-2-build-windows-amd64-cygwin\jdk8u73\6086\hot!6)o¥?
Event: 0.042 Thread 0x000000000200d800 Exception <a 'java/lang/NoSuchMethodError': Method sun.misc.Unsafe.prefetchRead(Ljava/lang/Object;J)V name or signature does not match> (0x00000000eab133c8) thrown at [D:\re\puppet\workspace\8-2-build-windows-amd64-cygwin\jdk8u73\6086\hotspot\src\share\vm\Óv¯¦±Ná?
Event: 0.541 Thread 0x0000000017601000 Implicit null exception at 0x0000000002905382 to 0x000000000290757d
Event: 0.541 Thread 0x0000000017601000 Implicit null exception at 0x000000000291698a to 0x000000000291898d

Events (10 events):
Event: 0.597 loading class com/android/dx/rop/code/RegisterSpec$1
Event: 0.597 loading class com/android/dx/rop/code/RegisterSpec$1 done
Event: 0.614 loading class com/android/dx/cf/attrib/AttRuntimeInvisibleAnnotations
Event: 0.614 loading class com/android/dx/cf/attrib/AttRuntimeInvisibleAnnotations done
Event: 0.614 loading class com/android/dx/cf/attrib/BaseAnnotations
Event: 0.614 loading class com/android/dx/cf/attrib/BaseAnnotations done
Event: 0.774 loading class com/android/dx/cf/code/SwitchList
Event: 0.774 loading class com/android/dx/cf/code/SwitchList done
Event: 0.778 Executing VM operation: ForceSafepoint
Event: 0.779 Executing VM operation: ForceSafepoint done


Dynamic libraries:
0x00007ff76afc0000 - 0x00007ff76aff7000 	C:\Program Files\Java\jdk1.8.0_73\bin\java.exe
0x00007ffbdc290000 - 0x00007ffbdc451000 	C:\WINDOWS\SYSTEM32\ntdll.dll
0x00007ffbdbd80000 - 0x00007ffbdbe2d000 	C:\WINDOWS\system32\KERNEL32.DLL
0x00007ffbd8b60000 - 0x00007ffbd8d48000 	C:\WINDOWS\system32\KERNELBASE.dll
0x00007ffbdb380000 - 0x00007ffbdb427000 	C:\WINDOWS\system32\ADVAPI32.dll
0x00007ffbdbc70000 - 0x00007ffbdbd0d000 	C:\WINDOWS\system32\msvcrt.dll
0x00007ffbd9670000 - 0x00007ffbd96cb000 	C:\WINDOWS\system32\sechost.dll
0x00007ffbdb1c0000 - 0x00007ffbdb2dc000 	C:\WINDOWS\system32\RPCRT4.dll
0x00007ffbdbb00000 - 0x00007ffbdbc56000 	C:\WINDOWS\system32\USER32.dll
0x00007ffbdb430000 - 0x00007ffbdb5b6000 	C:\WINDOWS\system32\GDI32.dll
0x00007ffbca880000 - 0x00007ffbcaaf4000 	C:\WINDOWS\WinSxS\amd64_microsoft.windows.common-controls_6595b64144ccf1df_6.0.10586.0_none_8c15ae12515e1c22\COMCTL32.dll
0x00007ffbd9880000 - 0x00007ffbd9afd000 	C:\WINDOWS\system32\combase.dll
0x00007ffbd8de0000 - 0x00007ffbd8e4a000 	C:\WINDOWS\system32\bcryptPrimitives.dll
0x00007ffbdb2e0000 - 0x00007ffbdb31b000 	C:\WINDOWS\system32\IMM32.DLL
0x0000000054760000 - 0x0000000054832000 	C:\Program Files\Java\jdk1.8.0_73\jre\bin\msvcr100.dll
0x0000000054cc0000 - 0x0000000055550000 	C:\Program Files\Java\jdk1.8.0_73\jre\bin\server\jvm.dll
0x00007ffbd96d0000 - 0x00007ffbd96d8000 	C:\WINDOWS\system32\PSAPI.DLL
0x00007ffbcda20000 - 0x00007ffbcda29000 	C:\WINDOWS\SYSTEM32\WSOCK32.dll
0x00007ffbdb130000 - 0x00007ffbdb19b000 	C:\WINDOWS\system32\WS2_32.dll
0x00007ffbd6b10000 - 0x00007ffbd6b33000 	C:\WINDOWS\SYSTEM32\WINMM.dll
0x00007ffbcc930000 - 0x00007ffbcc93a000 	C:\WINDOWS\SYSTEM32\VERSION.dll
0x00007ffbd6aa0000 - 0x00007ffbd6acc000 	C:\WINDOWS\SYSTEM32\WINMMBASE.dll
0x00007ffbd8af0000 - 0x00007ffbd8b33000 	C:\WINDOWS\system32\cfgmgr32.dll
0x0000000054bd0000 - 0x0000000054bdf000 	C:\Program Files\Java\jdk1.8.0_73\jre\bin\verify.dll
0x0000000054ba0000 - 0x0000000054bc9000 	C:\Program Files\Java\jdk1.8.0_73\jre\bin\java.dll
0x0000000054b80000 - 0x0000000054b96000 	C:\Program Files\Java\jdk1.8.0_73\jre\bin\zip.dll
0x00007ffbd9bd0000 - 0x00007ffbdb12c000 	C:\WINDOWS\system32\SHELL32.dll
0x00007ffbd8e50000 - 0x00007ffbd9494000 	C:\WINDOWS\system32\windows.storage.dll
0x00007ffbd9800000 - 0x00007ffbd9852000 	C:\WINDOWS\system32\shlwapi.dll
0x00007ffbd8900000 - 0x00007ffbd890f000 	C:\WINDOWS\system32\kernel.appcore.dll
0x00007ffbd8920000 - 0x00007ffbd89d5000 	C:\WINDOWS\system32\shcore.dll
0x00007ffbd88b0000 - 0x00007ffbd88fb000 	C:\WINDOWS\system32\powrprof.dll
0x00007ffbd8890000 - 0x00007ffbd88a4000 	C:\WINDOWS\system32\profapi.dll

VM Arguments:
jvm_args: -Djava.awt.headless=true -Xmx1024M -Dfile.encoding=GBK -Duser.country=CN -Duser.language=zh -Duser.variant 
java_command: com.android.dx.command.Main --dex --force-jumbo --num-threads=4 --output E:\AndroidStudioProject\DBTestDemo\app\build\intermediates\pre-dexed\debug\internal_impl-23.4.0_8e5830a0480d224abb3397c7377c988b15b7c38d.jar E:\AndroidStudioProject\DBTestDemo\app\build\intermediates\exploded-aar\com.android.support\support-v4\23.4.0\jars\libs\internal_impl-23.4.0.jar
java_class_path (initial): D:\Android\SDK\build-tools\23.0.3\lib\dx.jar
Launcher Type: SUN_STANDARD

Environment Variables:
JAVA_HOME=C:\Program Files\Java\jdk1.8.0_73
PATH=C:\ProgramData\Oracle\Java\javapath;C:\WINDOWS\system32;C:\WINDOWS;C:\WINDOWS\System32\Wbem;C:\WINDOWS\System32\WindowsPowerShell\v1.0\;C:\Program Files\Java\jdk1.8.0_73\bin;D:\Android\SDK\platform-tools;D:\Android\SDK\tools;C:\Program Files\TortoiseSVN\bin;C:\Program Files\Git\cmd
USERNAME=Administrator
OS=Windows_NT
PROCESSOR_IDENTIFIER=Intel64 Family 6 Model 60 Stepping 3, GenuineIntel



---------------  S Y S T E M  ---------------

OS: Windows 10.0 , 64 bit Build 10586 (10.0.10586.0)

CPU:total 8 (4 cores per cpu, 2 threads per core) family 6 model 60 stepping 3, cmov, cx8, fxsr, mmx, sse, sse2, sse3, ssse3, sse4.1, sse4.2, popcnt, avx, avx2, aes, clmul, erms, lzcnt, ht, tsc, tscinvbit, bmi1, bmi2

Memory: 4k page, physical 8262760k(1447964k free), swap 8262760k(6380k free)

vm_info: Java HotSpot(TM) 64-Bit Server VM (25.73-b02) for windows-amd64 JRE (1.8.0_73-b02), built on Jan 29 2016 17:38:49 by "java_re" with MS VC++ 10.0 (VS2010)

time: Thu May 19 15:15:55 2016
elapsed time: 0 seconds (0d 0h 0m 0s)

