#
# There is insufficient memory for the Java Runtime Environment to continue.
# Native memory allocation (malloc) failed to allocate 1048576 bytes for AllocateHeap
# Possible reasons:
#   The system is out of physical RAM or swap space
#   In 32 bit mode, the process size limit was hit
# Possible solutions:
#   Reduce memory load on the system
#   Increase physical memory or swap space
#   Check if swap backing store is full
#   Use 64 bit Java on a 64 bit OS
#   Decrease Java heap size (-Xmx/-Xms)
#   Decrease number of Java threads
#   Decrease Java thread stack sizes (-Xss)
#   Set larger code cache with -XX:ReservedCodeCacheSize=
# This output file may be truncated or incomplete.
#
#  Out of Memory Error (memory/allocation.inline.hpp:61), pid=2756, tid=13308
#
# JRE version:  (8.0_73-b02) (build )
# Java VM: Java HotSpot(TM) 64-Bit Server VM (25.73-b02 mixed mode windows-amd64 compressed oops)
# Failed to write core dump. Minidumps are not enabled by default on client versions of Windows
#

---------------  T H R E A D  ---------------

Current thread (0x00000000021bd800):  JavaThread "Unknown thread" [_thread_in_vm, id=13308, stack(0x0000000002560000,0x0000000002660000)]

Stack: [0x0000000002560000,0x0000000002660000]
[error occurred during error reporting (printing stack bounds), id 0xc0000005]

Native frames: (J=compiled Java code, j=interpreted, Vv=VM code, C=native code)


---------------  P R O C E S S  ---------------

Java Threads: ( => current thread )

Other Threads:

=>0x00000000021bd800 (exited) JavaThread "Unknown thread" [_thread_in_vm, id=13308, stack(0x0000000002560000,0x0000000002660000)]

VM state:not at safepoint (normal execution)

VM Mutex/Monitor currently owned by a thread: None

Heap:
 PSYoungGen      total 38400K, used 665K [0x00000000eab00000, 0x00000000ed580000, 0x0000000100000000)
  eden space 33280K, 2% used [0x00000000eab00000,0x00000000eaba6670,0x00000000ecb80000)
  from space 5120K, 0% used [0x00000000ed080000,0x00000000ed080000,0x00000000ed580000)
  to   space 5120K, 0% used [0x00000000ecb80000,0x00000000ecb80000,0x00000000ed080000)
 ParOldGen       total 87552K, used 0K [0x00000000c0000000, 0x00000000c5580000, 0x00000000eab00000)
  object space 87552K, 0% used [0x00000000c0000000,0x00000000c0000000,0x00000000c5580000)
 Metaspace       used 769K, capacity 4480K, committed 4480K, reserved 1056768K
  class space    used 75K, capacity 384K, committed 384K, reserved 1048576K

Card table byte_map: [0x0000000011b20000,0x0000000011d30000] byte_map_base: 0x0000000011520000

Marking Bits: (ParMarkBitMap*) 0x00000000554d0600
 Begin Bits: [0x0000000012690000, 0x0000000013690000)
 End Bits:   [0x0000000013690000, 0x0000000014690000)

Polling page: 0x00000000004f0000

CodeCache: size=245760Kb used=328Kb max_used=328Kb free=245431Kb
 bounds [0x0000000002760000, 0x00000000029d0000, 0x0000000011760000]
 total_blobs=57 nmethods=0 adapters=37
 compilation: enabled

Compilation events (0 events):
No events

GC Heap History (0 events):
No events

Deoptimization events (0 events):
No events

Internal exceptions (0 events):
No events

Events (10 events):
Event: 0.025 loading class java/lang/Short
Event: 0.025 loading class java/lang/Short done
Event: 0.025 loading class java/lang/Integer
Event: 0.025 loading class java/lang/Integer done
Event: 0.025 loading class java/lang/Long
Event: 0.025 loading class java/lang/Long done
Event: 0.026 loading class java/lang/NullPointerException
Event: 0.026 loading class java/lang/NullPointerException done
Event: 0.026 loading class java/lang/ArithmeticException
Event: 0.026 loading class java/lang/ArithmeticException done


Dynamic libraries:
0x00007ff76afc0000 - 0x00007ff76aff7000 	C:\Program Files\Java\jdk1.8.0_73\bin\java.exe
0x00007ffbdc290000 - 0x00007ffbdc451000 	C:\WINDOWS\SYSTEM32\ntdll.dll
0x00007ffbdbd80000 - 0x00007ffbdbe2d000 	C:\WINDOWS\system32\KERNEL32.DLL
0x00007ffbd8b60000 - 0x00007ffbd8d48000 	C:\WINDOWS\system32\KERNELBASE.dll
0x00007ffbdb380000 - 0x00007ffbdb427000 	C:\WINDOWS\system32\ADVAPI32.dll
0x00007ffbdbc70000 - 0x00007ffbdbd0d000 	C:\WINDOWS\system32\msvcrt.dll
0x00007ffbd9670000 - 0x00007ffbd96cb000 	C:\WINDOWS\system32\sechost.dll
0x00007ffbdb1c0000 - 0x00007ffbdb2dc000 	C:\WINDOWS\system32\RPCRT4.dll
0x00007ffbdbb00000 - 0x00007ffbdbc56000 	C:\WINDOWS\system32\USER32.dll
0x00007ffbdb430000 - 0x00007ffbdb5b6000 	C:\WINDOWS\system32\GDI32.dll
0x00007ffbca880000 - 0x00007ffbcaaf4000 	C:\WINDOWS\WinSxS\amd64_microsoft.windows.common-controls_6595b64144ccf1df_6.0.10586.0_none_8c15ae12515e1c22\COMCTL32.dll
0x00007ffbd9880000 - 0x00007ffbd9afd000 	C:\WINDOWS\system32\combase.dll
0x00007ffbd8de0000 - 0x00007ffbd8e4a000 	C:\WINDOWS\system32\bcryptPrimitives.dll
0x00007ffbdb2e0000 - 0x00007ffbdb31b000 	C:\WINDOWS\system32\IMM32.DLL
0x0000000054760000 - 0x0000000054832000 	C:\Program Files\Java\jdk1.8.0_73\jre\bin\msvcr100.dll
0x0000000054cc0000 - 0x0000000055550000 	C:\Program Files\Java\jdk1.8.0_73\jre\bin\server\jvm.dll
0x00007ffbd96d0000 - 0x00007ffbd96d8000 	C:\WINDOWS\system32\PSAPI.DLL
0x00007ffbcda20000 - 0x00007ffbcda29000 	C:\WINDOWS\SYSTEM32\WSOCK32.dll
0x00007ffbdb130000 - 0x00007ffbdb19b000 	C:\WINDOWS\system32\WS2_32.dll
0x00007ffbcc930000 - 0x00007ffbcc93a000 	C:\WINDOWS\SYSTEM32\VERSION.dll
0x00007ffbd6b10000 - 0x00007ffbd6b33000 	C:\WINDOWS\SYSTEM32\WINMM.dll
0x00007ffbd6aa0000 - 0x00007ffbd6acc000 	C:\WINDOWS\SYSTEM32\WINMMBASE.dll
0x00007ffbd8af0000 - 0x00007ffbd8b33000 	C:\WINDOWS\system32\cfgmgr32.dll
0x0000000054bd0000 - 0x0000000054bdf000 	C:\Program Files\Java\jdk1.8.0_73\jre\bin\verify.dll
0x0000000054ba0000 - 0x0000000054bc9000 	C:\Program Files\Java\jdk1.8.0_73\jre\bin\java.dll
0x0000000054b80000 - 0x0000000054b96000 	C:\Program Files\Java\jdk1.8.0_73\jre\bin\zip.dll

VM Arguments:
jvm_args: -Djava.awt.headless=true -Xmx1024M -Dfile.encoding=GBK -Duser.country=CN -Duser.language=zh -Duser.variant 
java_command: com.android.dx.command.Main --dex --force-jumbo --num-threads=4 --output E:\AndroidStudioProject\DBTestDemo\app\build\intermediates\pre-dexed\debug\com.android.support-animated-vector-drawable-23.4.0_2872629c2aa0b9f9e98b22033b5ffa8d527dcd6a.jar E:\AndroidStudioProject\DBTestDemo\app\build\intermediates\exploded-aar\com.android.support\animated-vector-drawable\23.4.0\jars\classes.jar
java_class_path (initial): D:\Android\SDK\build-tools\23.0.3\lib\dx.jar
Launcher Type: SUN_STANDARD

Environment Variables:
JAVA_HOME=C:\Program Files\Java\jdk1.8.0_73
PATH=C:\ProgramData\Oracle\Java\javapath;C:\WINDOWS\system32;C:\WINDOWS;C:\WINDOWS\System32\Wbem;C:\WINDOWS\System32\WindowsPowerShell\v1.0\;C:\Program Files\Java\jdk1.8.0_73\bin;D:\Android\SDK\platform-tools;D:\Android\SDK\tools;C:\Program Files\TortoiseSVN\bin;C:\Program Files\Git\cmd
USERNAME=Administrator
OS=Windows_NT
PROCESSOR_IDENTIFIER=Intel64 Family 6 Model 60 Stepping 3, GenuineIntel



---------------  S Y S T E M  ---------------

OS: Windows 10.0 , 64 bit Build 10586 (10.0.10586.0)

CPU:total 8 (4 cores per cpu, 2 threads per core) family 6 model 60 stepping 3, cmov, cx8, fxsr, mmx, sse, sse2, sse3, ssse3, sse4.1, sse4.2, popcnt, avx, avx2, aes, clmul, erms, lzcnt, ht, tsc, tscinvbit, bmi1, bmi2

Memory: 4k page, physical 8262760k(1473416k free), swap 8262760k(6016k free)

vm_info: Java HotSpot(TM) 64-Bit Server VM (25.73-b02) for windows-amd64 JRE (1.8.0_73-b02), built on Jan 29 2016 17:38:49 by "java_re" with MS VC++ 10.0 (VS2010)

time: Thu May 19 15:12:16 2016
elapsed time: 0 seconds (0d 0h 0m 0s)

