#
# There is insufficient memory for the Java Runtime Environment to continue.
# Native memory allocation (malloc) failed to allocate 1154416 bytes for Chunk::new
# Possible reasons:
#   The system is out of physical RAM or swap space
#   In 32 bit mode, the process size limit was hit
# Possible solutions:
#   Reduce memory load on the system
#   Increase physical memory or swap space
#   Check if swap backing store is full
#   Use 64 bit Java on a 64 bit OS
#   Decrease Java heap size (-Xmx/-Xms)
#   Decrease number of Java threads
#   Decrease Java thread stack sizes (-Xss)
#   Set larger code cache with -XX:ReservedCodeCacheSize=
# This output file may be truncated or incomplete.
#
#  Out of Memory Error (allocation.cpp:390), pid=1004, tid=8752
#
# JRE version: Java(TM) SE Runtime Environment (8.0_73-b02) (build 1.8.0_73-b02)
# Java VM: Java HotSpot(TM) 64-Bit Server VM (25.73-b02 mixed mode windows-amd64 compressed oops)
# Failed to write core dump. Minidumps are not enabled by default on client versions of Windows
#

---------------  T H R E A D  ---------------

Current thread (0x0000000017279800):  JavaThread "C2 CompilerThread1" daemon [_thread_in_native, id=8752, stack(0x00000000178f0000,0x00000000179f0000)]

Stack: [0x00000000178f0000,0x00000000179f0000]
[error occurred during error reporting (printing stack bounds), id 0xc0000005]

Native frames: (J=compiled Java code, j=interpreted, Vv=VM code, C=native code)


Current CompileTask:
C2:   2075 1675   !   4       com.android.dx.cf.code.RopperMachine::run (1550 bytes)


---------------  P R O C E S S  ---------------

Java Threads: ( => current thread )
  0x0000000017e4c800 JavaThread "pool-1-thread-4" [_thread_blocked, id=11704, stack(0x00000000189f0000,0x0000000018af0000)]
  0x0000000017e66800 JavaThread "pool-1-thread-3" [_thread_blocked, id=12704, stack(0x00000000188f0000,0x00000000189f0000)]
  0x0000000017e65800 JavaThread "pool-1-thread-2" [_thread_blocked, id=13264, stack(0x00000000187f0000,0x00000000188f0000)]
  0x0000000017e65000 JavaThread "pool-2-thread-1" [_thread_blocked, id=3188, stack(0x00000000186f0000,0x00000000187f0000)]
  0x0000000017e62000 JavaThread "pool-1-thread-1" [_thread_in_Java, id=5320, stack(0x00000000185f0000,0x00000000186f0000)]
  0x000000001728e000 JavaThread "Service Thread" daemon [_thread_blocked, id=5384, stack(0x0000000017bf0000,0x0000000017cf0000)]
  0x000000001727f000 JavaThread "C1 CompilerThread3" daemon [_thread_blocked, id=6012, stack(0x0000000017af0000,0x0000000017bf0000)]
  0x000000001727a000 JavaThread "C2 CompilerThread2" daemon [_thread_in_native, id=12168, stack(0x00000000179f0000,0x0000000017af0000)]
=>0x0000000017279800 JavaThread "C2 CompilerThread1" daemon [_thread_in_native, id=8752, stack(0x00000000178f0000,0x00000000179f0000)]
  0x0000000017276800 JavaThread "C2 CompilerThread0" daemon [_thread_in_native, id=13252, stack(0x00000000177f0000,0x00000000178f0000)]
  0x0000000017229800 JavaThread "Attach Listener" daemon [_thread_blocked, id=2864, stack(0x00000000176f0000,0x00000000177f0000)]
  0x0000000017229000 JavaThread "Signal Dispatcher" daemon [_thread_blocked, id=13216, stack(0x00000000175f0000,0x00000000176f0000)]
  0x00000000026cb800 JavaThread "Finalizer" daemon [_thread_blocked, id=2432, stack(0x00000000170f0000,0x00000000171f0000)]
  0x00000000026c5000 JavaThread "Reference Handler" daemon [_thread_blocked, id=5588, stack(0x0000000016ff0000,0x00000000170f0000)]
  0x00000000021fd800 JavaThread "main" [_thread_blocked, id=13104, stack(0x00000000020d0000,0x00000000021d0000)]

Other Threads:
  0x00000000151eb800 VMThread [stack: 0x0000000016ef0000,0x0000000016ff0000] [id=7304]
  0x0000000017338800 WatcherThread [stack: 0x0000000017cf0000,0x0000000017df0000] [id=3400]

VM state:not at safepoint (normal execution)

VM Mutex/Monitor currently owned by a thread: None

Heap:
 PSYoungGen      total 71680K, used 11756K [0x00000000eab00000, 0x00000000f3700000, 0x0000000100000000)
  eden space 66560K, 9% used [0x00000000eab00000,0x00000000eb17bdf0,0x00000000eec00000)
  from space 5120K, 99% used [0x00000000eec00000,0x00000000ef0ff248,0x00000000ef100000)
  to   space 5120K, 0% used [0x00000000f3200000,0x00000000f3200000,0x00000000f3700000)
 ParOldGen       total 87552K, used 15697K [0x00000000c0000000, 0x00000000c5580000, 0x00000000eab00000)
  object space 87552K, 17% used [0x00000000c0000000,0x00000000c0f54410,0x00000000c5580000)
 Metaspace       used 6350K, capacity 7158K, committed 7296K, reserved 1056768K
  class space    used 608K, capacity 622K, committed 640K, reserved 1048576K

Card table byte_map: [0x0000000011a90000,0x0000000011ca0000] byte_map_base: 0x0000000011490000

Marking Bits: (ParMarkBitMap*) 0x00000000554d0600
 Begin Bits: [0x0000000012600000, 0x0000000013600000)
 End Bits:   [0x0000000013600000, 0x0000000014600000)

Polling page: 0x00000000004f0000

CodeCache: size=245760Kb used=7323Kb max_used=7335Kb free=238436Kb
 bounds [0x00000000026d0000, 0x0000000002e10000, 0x00000000116d0000]
 total_blobs=2046 nmethods=1774 adapters=184
 compilation: enabled

Compilation events (10 events):
Event: 2.057 Thread 0x000000001727f000 1806   !   2       java.util.concurrent.ThreadPoolExecutor::getTask (179 bytes)
Event: 2.058 Thread 0x000000001727f000 nmethod 1806 0x0000000002df1a50 code [0x0000000002df1c20, 0x0000000002df21d8]
Event: 2.058 Thread 0x000000001727f000 1807       2       java.util.concurrent.locks.ReentrantLock::lockInterruptibly (9 bytes)
Event: 2.058 Thread 0x000000001727f000 nmethod 1807 0x0000000002df1450 code [0x0000000002df15e0, 0x0000000002df1878]
Event: 2.058 Thread 0x000000001727f000 1808       2       java.util.concurrent.locks.AbstractQueuedSynchronizer::acquireInterruptibly (28 bytes)
Event: 2.058 Thread 0x000000001727f000 nmethod 1808 0x0000000002df0e90 code [0x0000000002df1020, 0x0000000002df12b8]
Event: 2.061 Thread 0x000000001727f000 1809       2       java.util.TreeMap::entrySet (27 bytes)
Event: 2.061 Thread 0x000000001727f000 nmethod 1809 0x0000000002df0ad0 code [0x0000000002df0c20, 0x0000000002df0df0]
Event: 2.061 Thread 0x000000001727f000 1810       2       java.util.TreeMap$EntrySet::iterator (19 bytes)
Event: 2.061 Thread 0x000000001727f000 nmethod 1810 0x0000000002df0590 code [0x0000000002df0700, 0x0000000002df0970]

GC Heap History (6 events):
Event: 0.742 GC heap before
{Heap before GC invocations=1 (full 0):
 PSYoungGen      total 38400K, used 33280K [0x00000000eab00000, 0x00000000ed580000, 0x0000000100000000)
  eden space 33280K, 100% used [0x00000000eab00000,0x00000000ecb80000,0x00000000ecb80000)
  from space 5120K, 0% used [0x00000000ed080000,0x00000000ed080000,0x00000000ed580000)
  to   space 5120K, 0% used [0x00000000ecb80000,0x00000000ecb80000,0x00000000ed080000)
 ParOldGen       total 87552K, used 0K [0x00000000c0000000, 0x00000000c5580000, 0x00000000eab00000)
  object space 87552K, 0% used [0x00000000c0000000,0x00000000c0000000,0x00000000c5580000)
 Metaspace       used 5988K, capacity 6838K, committed 7040K, reserved 1056768K
  class space    used 606K, capacity 622K, committed 640K, reserved 1048576K
Event: 0.767 GC heap after
Heap after GC invocations=1 (full 0):
 PSYoungGen      total 38400K, used 5118K [0x00000000eab00000, 0x00000000ef600000, 0x0000000100000000)
  eden space 33280K, 0% used [0x00000000eab00000,0x00000000eab00000,0x00000000ecb80000)
  from space 5120K, 99% used [0x00000000ecb80000,0x00000000ed07f8d0,0x00000000ed080000)
  to   space 5120K, 0% used [0x00000000ef100000,0x00000000ef100000,0x00000000ef600000)
 ParOldGen       total 87552K, used 1272K [0x00000000c0000000, 0x00000000c5580000, 0x00000000eab00000)
  object space 87552K, 1% used [0x00000000c0000000,0x00000000c013e228,0x00000000c5580000)
 Metaspace       used 5988K, capacity 6838K, committed 7040K, reserved 1056768K
  class space    used 606K, capacity 622K, committed 640K, reserved 1048576K
}
Event: 1.122 GC heap before
{Heap before GC invocations=2 (full 0):
 PSYoungGen      total 38400K, used 38398K [0x00000000eab00000, 0x00000000ef600000, 0x0000000100000000)
  eden space 33280K, 100% used [0x00000000eab00000,0x00000000ecb80000,0x00000000ecb80000)
  from space 5120K, 99% used [0x00000000ecb80000,0x00000000ed07f8d0,0x00000000ed080000)
  to   space 5120K, 0% used [0x00000000ef100000,0x00000000ef100000,0x00000000ef600000)
 ParOldGen       total 87552K, used 1272K [0x00000000c0000000, 0x00000000c5580000, 0x00000000eab00000)
  object space 87552K, 1% used [0x00000000c0000000,0x00000000c013e228,0x00000000c5580000)
 Metaspace       used 6240K, capacity 7094K, committed 7296K, reserved 1056768K
  class space    used 607K, capacity 622K, committed 640K, reserved 1048576K
Event: 1.185 GC heap after
Heap after GC invocations=2 (full 0):
 PSYoungGen      total 71680K, used 5088K [0x00000000eab00000, 0x00000000ef600000, 0x0000000100000000)
  eden space 66560K, 0% used [0x00000000eab00000,0x00000000eab00000,0x00000000eec00000)
  from space 5120K, 99% used [0x00000000ef100000,0x00000000ef5f8388,0x00000000ef600000)
  to   space 5120K, 0% used [0x00000000eec00000,0x00000000eec00000,0x00000000ef100000)
 ParOldGen       total 87552K, used 5920K [0x00000000c0000000, 0x00000000c5580000, 0x00000000eab00000)
  object space 87552K, 6% used [0x00000000c0000000,0x00000000c05c81d0,0x00000000c5580000)
 Metaspace       used 6240K, capacity 7094K, committed 7296K, reserved 1056768K
  class space    used 607K, capacity 622K, committed 640K, reserved 1048576K
}
Event: 2.000 GC heap before
{Heap before GC invocations=3 (full 0):
 PSYoungGen      total 71680K, used 71648K [0x00000000eab00000, 0x00000000ef600000, 0x0000000100000000)
  eden space 66560K, 100% used [0x00000000eab00000,0x00000000eec00000,0x00000000eec00000)
  from space 5120K, 99% used [0x00000000ef100000,0x00000000ef5f8388,0x00000000ef600000)
  to   space 5120K, 0% used [0x00000000eec00000,0x00000000eec00000,0x00000000ef100000)
 ParOldGen       total 87552K, used 5920K [0x00000000c0000000, 0x00000000c5580000, 0x00000000eab00000)
  object space 87552K, 6% used [0x00000000c0000000,0x00000000c05c81d0,0x00000000c5580000)
 Metaspace       used 6342K, capacity 7158K, committed 7296K, reserved 1056768K
  class space    used 608K, capacity 622K, committed 640K, reserved 1048576K
Event: 2.042 GC heap after
Heap after GC invocations=3 (full 0):
 PSYoungGen      total 71680K, used 5116K [0x00000000eab00000, 0x00000000f3700000, 0x0000000100000000)
  eden space 66560K, 0% used [0x00000000eab00000,0x00000000eab00000,0x00000000eec00000)
  from space 5120K, 99% used [0x00000000eec00000,0x00000000ef0ff248,0x00000000ef100000)
  to   space 5120K, 0% used [0x00000000f3200000,0x00000000f3200000,0x00000000f3700000)
 ParOldGen       total 87552K, used 15697K [0x00000000c0000000, 0x00000000c5580000, 0x00000000eab00000)
  object space 87552K, 17% used [0x00000000c0000000,0x00000000c0f54410,0x00000000c5580000)
 Metaspace       used 6342K, capacity 7158K, committed 7296K, reserved 1056768K
  class space    used 608K, capacity 622K, committed 640K, reserved 1048576K
}

Deoptimization events (10 events):
Event: 0.801 Thread 0x0000000017e66800 Uncommon trap: reason=unstable_if action=reinterpret pc=0x0000000002957ec4 method=com.android.dx.rop.code.RegisterSpec.equals(ILcom/android/dx/rop/type/TypeBearer;Lcom/android/dx/rop/code/LocalItem;)Z @ 42
Event: 1.011 Thread 0x00000000021fd800 Uncommon trap: reason=bimorphic action=maybe_recompile pc=0x0000000002b22e34 method=java.util.HashMap.putVal(ILjava/lang/Object;Ljava/lang/Object;ZZ)Ljava/lang/Object; @ 203
Event: 1.033 Thread 0x0000000017e62000 Uncommon trap: reason=unstable_if action=reinterpret pc=0x00000000029101dc method=com.android.dx.rop.cst.Constant.compareTo(Lcom/android/dx/rop/cst/Constant;)I @ 12
Event: 1.096 Thread 0x00000000021fd800 Uncommon trap: reason=unstable_if action=reinterpret pc=0x0000000002b373f8 method=com.android.dx.rop.cst.StdConstantPool.set(ILcom/android/dx/rop/cst/Constant;)V @ 12
Event: 1.116 Thread 0x0000000017e65800 Uncommon trap: reason=unstable_if action=reinterpret pc=0x0000000002bf9f48 method=com.android.dx.ssa.SCCP.simulateBranch(Lcom/android/dx/ssa/SsaInsn;)V @ 64
Event: 1.206 Thread 0x0000000017e65800 Uncommon trap: reason=uninitialized action=reinterpret pc=0x0000000002c4912c method=com.android.dx.cf.code.BytecodeArray.parseInstruction(ILcom/android/dx/cf/code/BytecodeArray$Visitor;)I @ 1095
Event: 1.381 Thread 0x0000000017e66800 Uncommon trap: reason=unstable_if action=reinterpret pc=0x0000000002afc920 method=com.android.dx.ssa.SCCP.simulateStmt(Lcom/android/dx/ssa/SsaInsn;)V @ 53
Event: 1.512 Thread 0x0000000017e66800 Uncommon trap: reason=unstable_if action=reinterpret pc=0x0000000002a738bc method=com.android.dx.util.IntList.binarysearch(I)I @ 105
Event: 1.777 Thread 0x0000000017e66800 Uncommon trap: reason=unstable_if action=reinterpret pc=0x0000000002d55f5c method=com.android.dx.ssa.LiteralOpUpgrader$1.visitNonMoveInsn(Lcom/android/dx/ssa/NormalSsaInsn;)V @ 55
Event: 1.778 Thread 0x0000000017e66800 Uncommon trap: reason=unstable_if action=reinterpret pc=0x0000000002a13f9c method=com.android.dx.ssa.SsaMethod.updateOneDefinition(Lcom/android/dx/ssa/SsaInsn;Lcom/android/dx/rop/code/RegisterSpec;)V @ 4

Internal exceptions (2 events):
Event: 0.043 Thread 0x00000000021fd800 Exception <a 'java/lang/NoSuchMethodError': Method sun.misc.Unsafe.defineClass(Ljava/lang/String;[BII)Ljava/lang/Class; name or signature does not match> (0x00000000eab130e0) thrown at [D:\re\puppet\workspace\8-2-build-windows-amd64-cygwin\jdk8u73\6086\hotð¹rõè¥?
Event: 0.043 Thread 0x00000000021fd800 Exception <a 'java/lang/NoSuchMethodError': Method sun.misc.Unsafe.prefetchRead(Ljava/lang/Object;J)V name or signature does not match> (0x00000000eab133c8) thrown at [D:\re\puppet\workspace\8-2-build-windows-amd64-cygwin\jdk8u73\6086\hotspot\src\share\vm\

Events (10 events):
Event: 1.777 Thread 0x0000000017e66800 DEOPT UNPACKING pc=0x000000000271582a sp=0x00000000189eed00 mode 2
Event: 1.777 loading class com/android/dx/rop/code/RegOps
Event: 1.777 loading class com/android/dx/rop/code/RegOps done
Event: 1.778 Thread 0x0000000017e66800 Uncommon trap: trap_request=0xffffff65 fr.pc=0x0000000002a13f9c
Event: 1.778 Thread 0x0000000017e66800 DEOPT PACKING pc=0x0000000002a13f9c sp=0x00000000189eeb60
Event: 1.778 Thread 0x0000000017e66800 DEOPT UNPACKING pc=0x000000000271582a sp=0x00000000189eeb08 mode 2
Event: 1.803 Thread 0x0000000017e66800 DEOPT PACKING pc=0x0000000002b21c03 sp=0x00000000189eecf0
Event: 1.803 Thread 0x0000000017e66800 DEOPT UNPACKING pc=0x000000000271787f sp=0x00000000189eea70 mode 0
Event: 2.000 Executing VM operation: ParallelGCFailedAllocation
Event: 2.042 Executing VM operation: ParallelGCFailedAllocation done


Dynamic libraries:
0x00007ff76afc0000 - 0x00007ff76aff7000 	C:\Program Files\Java\jdk1.8.0_73\bin\java.exe
0x00007ffbdc290000 - 0x00007ffbdc451000 	C:\WINDOWS\SYSTEM32\ntdll.dll
0x00007ffbdbd80000 - 0x00007ffbdbe2d000 	C:\WINDOWS\system32\KERNEL32.DLL
0x00007ffbd8b60000 - 0x00007ffbd8d48000 	C:\WINDOWS\system32\KERNELBASE.dll
0x00007ffbdb380000 - 0x00007ffbdb427000 	C:\WINDOWS\system32\ADVAPI32.dll
0x00007ffbdbc70000 - 0x00007ffbdbd0d000 	C:\WINDOWS\system32\msvcrt.dll
0x00007ffbd9670000 - 0x00007ffbd96cb000 	C:\WINDOWS\system32\sechost.dll
0x00007ffbdb1c0000 - 0x00007ffbdb2dc000 	C:\WINDOWS\system32\RPCRT4.dll
0x00007ffbdbb00000 - 0x00007ffbdbc56000 	C:\WINDOWS\system32\USER32.dll
0x00007ffbdb430000 - 0x00007ffbdb5b6000 	C:\WINDOWS\system32\GDI32.dll
0x00007ffbca880000 - 0x00007ffbcaaf4000 	C:\WINDOWS\WinSxS\amd64_microsoft.windows.common-controls_6595b64144ccf1df_6.0.10586.0_none_8c15ae12515e1c22\COMCTL32.dll
0x00007ffbd9880000 - 0x00007ffbd9afd000 	C:\WINDOWS\system32\combase.dll
0x00007ffbd8de0000 - 0x00007ffbd8e4a000 	C:\WINDOWS\system32\bcryptPrimitives.dll
0x00007ffbdb2e0000 - 0x00007ffbdb31b000 	C:\WINDOWS\system32\IMM32.DLL
0x0000000054760000 - 0x0000000054832000 	C:\Program Files\Java\jdk1.8.0_73\jre\bin\msvcr100.dll
0x0000000054cc0000 - 0x0000000055550000 	C:\Program Files\Java\jdk1.8.0_73\jre\bin\server\jvm.dll
0x00007ffbd96d0000 - 0x00007ffbd96d8000 	C:\WINDOWS\system32\PSAPI.DLL
0x00007ffbcda20000 - 0x00007ffbcda29000 	C:\WINDOWS\SYSTEM32\WSOCK32.dll
0x00007ffbdb130000 - 0x00007ffbdb19b000 	C:\WINDOWS\system32\WS2_32.dll
0x00007ffbd6b10000 - 0x00007ffbd6b33000 	C:\WINDOWS\SYSTEM32\WINMM.dll
0x00007ffbcc930000 - 0x00007ffbcc93a000 	C:\WINDOWS\SYSTEM32\VERSION.dll
0x00007ffbd6aa0000 - 0x00007ffbd6acc000 	C:\WINDOWS\SYSTEM32\WINMMBASE.dll
0x00007ffbd8af0000 - 0x00007ffbd8b33000 	C:\WINDOWS\system32\cfgmgr32.dll
0x0000000054bd0000 - 0x0000000054bdf000 	C:\Program Files\Java\jdk1.8.0_73\jre\bin\verify.dll
0x0000000054ba0000 - 0x0000000054bc9000 	C:\Program Files\Java\jdk1.8.0_73\jre\bin\java.dll
0x0000000054b80000 - 0x0000000054b96000 	C:\Program Files\Java\jdk1.8.0_73\jre\bin\zip.dll
0x00007ffbd9bd0000 - 0x00007ffbdb12c000 	C:\WINDOWS\system32\SHELL32.dll
0x00007ffbd8e50000 - 0x00007ffbd9494000 	C:\WINDOWS\system32\windows.storage.dll
0x00007ffbd9800000 - 0x00007ffbd9852000 	C:\WINDOWS\system32\shlwapi.dll
0x00007ffbd8900000 - 0x00007ffbd890f000 	C:\WINDOWS\system32\kernel.appcore.dll
0x00007ffbd8920000 - 0x00007ffbd89d5000 	C:\WINDOWS\system32\shcore.dll
0x00007ffbd88b0000 - 0x00007ffbd88fb000 	C:\WINDOWS\system32\powrprof.dll
0x00007ffbd8890000 - 0x00007ffbd88a4000 	C:\WINDOWS\system32\profapi.dll

VM Arguments:
jvm_args: -Djava.awt.headless=true -Xmx1024M -Dfile.encoding=GBK -Duser.country=CN -Duser.language=zh -Duser.variant 
java_command: com.android.dx.command.Main --dex --num-threads=4 --output E:\AndroidStudioProject\DBTestDemo\app\build\intermediates\pre-dexed\debug\com.android.support-appcompat-v7-23.4.0_65937959c26798028c471140b818e3b9b039893d.jar E:\AndroidStudioProject\DBTestDemo\app\build\intermediates\exploded-aar\com.android.support\appcompat-v7\23.4.0\jars\classes.jar
java_class_path (initial): D:\Android\SDK\build-tools\23.0.3\lib\dx.jar
Launcher Type: SUN_STANDARD

Environment Variables:
JAVA_HOME=C:\Program Files\Java\jdk1.8.0_73
PATH=C:\ProgramData\Oracle\Java\javapath;C:\WINDOWS\system32;C:\WINDOWS;C:\WINDOWS\System32\Wbem;C:\WINDOWS\System32\WindowsPowerShell\v1.0\;C:\Program Files\Java\jdk1.8.0_73\bin;D:\Android\SDK\platform-tools;D:\Android\SDK\tools;C:\Program Files\TortoiseSVN\bin;C:\Program Files\Git\cmd
USERNAME=Administrator
OS=Windows_NT
PROCESSOR_IDENTIFIER=Intel64 Family 6 Model 60 Stepping 3, GenuineIntel



---------------  S Y S T E M  ---------------

OS: Windows 10.0 , 64 bit Build 10586 (10.0.10586.0)

CPU:total 8 (4 cores per cpu, 2 threads per core) family 6 model 60 stepping 3, cmov, cx8, fxsr, mmx, sse, sse2, sse3, ssse3, sse4.1, sse4.2, popcnt, avx, avx2, aes, clmul, erms, lzcnt, ht, tsc, tscinvbit, bmi1, bmi2

Memory: 4k page, physical 8262760k(1360824k free), swap 8262760k(5340k free)

vm_info: Java HotSpot(TM) 64-Bit Server VM (25.73-b02) for windows-amd64 JRE (1.8.0_73-b02), built on Jan 29 2016 17:38:49 by "java_re" with MS VC++ 10.0 (VS2010)

time: Thu May 19 15:10:17 2016
elapsed time: 2 seconds (0d 0h 0m 2s)

